
===============Init Logging================

31/01/2018 - 07:54:15 	===== Ouverture de session =====
31/01/2018 - 07:55:00 	Début du calcul
31/01/2018 - 07:55:00 	Nombre de positions : 1000
31/01/2018 - 07:55:00 	Simulation activée
31/01/2018 - 07:55:00 	Lecture des conditions initiales
31/01/2018 - 07:55:07 	Fin du calcul
31/01/2018 - 07:58:11 	===== Fermeture de session =====

===============Finish Logging================


===============Init Logging================

01/02/2018 - 17:33:00 	===== Ouverture de session =====
01/02/2018 - 17:34:45 	Début du calcul
01/02/2018 - 17:34:45 	Nombre de positions : 1000
01/02/2018 - 17:34:45 	Simulation inactivée
01/02/2018 - 17:34:45 	Lecture des conditions initiales
01/02/2018 - 17:34:47 	Analyse du système incorrecte
01/02/2018 - 17:34:47 	Abandon du calcul
01/02/2018 - 17:34:50 	Début du calcul
01/02/2018 - 17:34:50 	Nombre de positions : 1000
01/02/2018 - 17:34:50 	Simulation inactivée
01/02/2018 - 17:34:50 	Lecture des conditions initiales
01/02/2018 - 17:34:52 	Analyse du système incorrecte
01/02/2018 - 17:34:52 	Abandon du calcul
01/02/2018 - 17:35:25 	Début du calcul
01/02/2018 - 17:35:25 	Nombre de positions : 1000
01/02/2018 - 17:35:25 	Simulation inactivée
01/02/2018 - 17:35:25 	Lecture des conditions initiales
01/02/2018 - 17:35:28 	Analyse du système incorrecte
01/02/2018 - 17:35:28 	Abandon du calcul
01/02/2018 - 17:36:06 	Début du calcul
01/02/2018 - 17:36:06 	Nombre de positions : 1000
01/02/2018 - 17:36:06 	Simulation inactivée
01/02/2018 - 17:36:06 	Lecture des conditions initiales
01/02/2018 - 17:36:07 	Fin du calcul
01/02/2018 - 17:38:26 	Début du calcul
01/02/2018 - 17:38:26 	Nombre de positions : 100
01/02/2018 - 17:38:26 	Simulation inactivée
01/02/2018 - 17:38:26 	Lecture des conditions initiales
01/02/2018 - 17:38:26 	Fin du calcul
01/02/2018 - 17:39:23 	Début du calcul
01/02/2018 - 17:39:23 	Nombre de positions : 500
01/02/2018 - 17:39:23 	Simulation inactivée
01/02/2018 - 17:39:23 	Lecture des conditions initiales
01/02/2018 - 17:39:23 	Fin du calcul
01/02/2018 - 17:40:03 	===== Fermeture de session =====

===============Finish Logging================


===============Init Logging================

12/05/2018 - 08:46:20 	===== Ouverture de session =====
12/05/2018 - 08:47:22 	Début du calcul
12/05/2018 - 08:47:22 	Nombre de positions : 500
12/05/2018 - 08:47:22 	Simulation inactivée
12/05/2018 - 08:47:22 	Lecture des conditions initiales
12/05/2018 - 08:47:23 	Fin du calcul
12/05/2018 - 08:47:56 	Début du calcul
12/05/2018 - 08:47:56 	Nombre de positions : 500
12/05/2018 - 08:47:56 	Simulation inactivée
12/05/2018 - 08:47:56 	Lecture des conditions initiales
12/05/2018 - 08:47:57 	Fin du calcul
12/05/2018 - 08:48:25 	===== Fermeture de session =====

===============Finish Logging================


===============Init Logging================

14/05/2018 - 09:02:43 	===== Ouverture de session =====
14/05/2018 - 09:03:47 	Début du calcul
14/05/2018 - 09:03:47 	Nombre de positions : 500
14/05/2018 - 09:03:47 	Simulation inactivée
14/05/2018 - 09:03:47 	Lecture des conditions initiales
14/05/2018 - 09:03:47 	Fin du calcul
14/05/2018 - 09:09:56 	===== Fermeture de session =====

===============Finish Logging================


===============Init Logging================

14/05/2018 - 09:40:02 	===== Ouverture de session =====
14/05/2018 - 09:40:50 	Début du calcul
14/05/2018 - 09:40:50 	Nombre de positions : 500
14/05/2018 - 09:40:50 	Simulation inactivée
14/05/2018 - 09:40:50 	Lecture des conditions initiales
14/05/2018 - 09:40:50 	Fin du calcul
14/05/2018 - 09:40:52 	Début du calcul
14/05/2018 - 09:40:52 	Nombre de positions : 500
14/05/2018 - 09:40:52 	Simulation inactivée
14/05/2018 - 09:40:52 	Lecture des conditions initiales
14/05/2018 - 09:40:52 	Fin du calcul
14/05/2018 - 09:40:54 	Début du calcul
14/05/2018 - 09:40:54 	Nombre de positions : 500
14/05/2018 - 09:40:54 	Simulation inactivée
14/05/2018 - 09:40:54 	Lecture des conditions initiales
14/05/2018 - 09:40:54 	Fin du calcul
14/05/2018 - 09:41:27 	===== Fermeture de session =====

===============Finish Logging================

