
===============Init Logging================

25/01/2018 - 15:12:24 	===== Ouverture de session =====
25/01/2018 - 15:26:01 	===== Fermeture de session =====

===============Finish Logging================


===============Init Logging================

30/01/2018 - 13:43:26 	===== Ouverture de session =====
30/01/2018 - 13:52:16 	Début du calcul
30/01/2018 - 13:52:16 	Nombre de positions : 1
30/01/2018 - 13:52:16 	Simulation activée
30/01/2018 - 13:52:16 	Lecture des conditions initiales
30/01/2018 - 13:52:16 	Fin du calcul
30/01/2018 - 13:52:17 	Début du calcul
30/01/2018 - 13:52:17 	Nombre de positions : 1
30/01/2018 - 13:52:17 	Simulation activée
30/01/2018 - 13:52:17 	Lecture des conditions initiales
30/01/2018 - 13:52:17 	Fin du calcul
30/01/2018 - 13:52:17 	Début du calcul
30/01/2018 - 13:52:17 	Nombre de positions : 1
30/01/2018 - 13:52:17 	Simulation activée
30/01/2018 - 13:52:17 	Lecture des conditions initiales
30/01/2018 - 13:52:18 	Fin du calcul
30/01/2018 - 13:52:18 	Début du calcul
30/01/2018 - 13:52:18 	Nombre de positions : 1
30/01/2018 - 13:52:18 	Simulation activée
30/01/2018 - 13:52:18 	Lecture des conditions initiales
30/01/2018 - 13:52:18 	Fin du calcul
30/01/2018 - 13:52:18 	Début du calcul
30/01/2018 - 13:52:18 	Nombre de positions : 1
30/01/2018 - 13:52:18 	Simulation activée
30/01/2018 - 13:52:18 	Lecture des conditions initiales
30/01/2018 - 13:52:19 	Fin du calcul
30/01/2018 - 13:52:19 	Début du calcul
30/01/2018 - 13:52:19 	Nombre de positions : 1
30/01/2018 - 13:52:19 	Simulation activée
30/01/2018 - 13:52:19 	Lecture des conditions initiales
30/01/2018 - 13:52:19 	Fin du calcul
30/01/2018 - 13:54:18 	Début du calcul
30/01/2018 - 13:54:18 	Nombre de positions : 1000
30/01/2018 - 13:54:18 	Simulation activée
30/01/2018 - 13:54:18 	Lecture des conditions initiales
30/01/2018 - 13:54:23 	Fin du calcul
30/01/2018 - 13:54:25 	Début du calcul
30/01/2018 - 13:54:25 	Nombre de positions : 1000
30/01/2018 - 13:54:25 	Simulation activée
30/01/2018 - 13:54:25 	Lecture des conditions initiales
30/01/2018 - 13:54:37 	Fin du calcul
30/01/2018 - 13:54:48 	Début du calcul
30/01/2018 - 13:54:48 	Nombre de positions : 1000
30/01/2018 - 13:54:48 	Simulation activée
30/01/2018 - 13:54:48 	Lecture des conditions initiales
30/01/2018 - 13:55:00 	Fin du calcul
30/01/2018 - 13:56:16 	Début du calcul
30/01/2018 - 13:56:16 	Nombre de positions : 1000
30/01/2018 - 13:56:16 	Simulation activée
30/01/2018 - 13:56:16 	Lecture des conditions initiales
30/01/2018 - 13:56:25 	Fin du calcul
30/01/2018 - 14:06:28 	Début du calcul
30/01/2018 - 14:06:28 	Nombre de positions : 1000
30/01/2018 - 14:06:28 	Simulation activée
30/01/2018 - 14:06:28 	Lecture des conditions initiales
30/01/2018 - 14:06:41 	Fin du calcul
30/01/2018 - 14:09:07 	Début du calcul
30/01/2018 - 14:09:07 	Nombre de positions : 1000
30/01/2018 - 14:09:07 	Simulation activée
30/01/2018 - 14:09:07 	Lecture des conditions initiales
30/01/2018 - 14:09:18 	Fin du calcul
30/01/2018 - 14:10:23 	Début du calcul
30/01/2018 - 14:10:23 	Nombre de positions : 1000
30/01/2018 - 14:10:23 	Simulation activée
30/01/2018 - 14:10:23 	Lecture des conditions initiales
30/01/2018 - 14:10:27 	Fin du calcul
30/01/2018 - 14:10:32 	Début du calcul
30/01/2018 - 14:10:32 	Nombre de positions : 1000
30/01/2018 - 14:10:32 	Simulation activée
30/01/2018 - 14:10:32 	Lecture des conditions initiales
30/01/2018 - 14:10:43 	Fin du calcul
30/01/2018 - 14:12:38 	Début du calcul
30/01/2018 - 14:12:38 	Nombre de positions : 1000
30/01/2018 - 14:12:38 	Simulation activée
30/01/2018 - 14:12:38 	Lecture des conditions initiales
30/01/2018 - 14:12:50 	Fin du calcul
30/01/2018 - 14:12:56 	Début du calcul
30/01/2018 - 14:12:56 	Nombre de positions : 1000
30/01/2018 - 14:12:56 	Simulation activée
30/01/2018 - 14:12:56 	Lecture des conditions initiales
30/01/2018 - 14:13:07 	Fin du calcul
30/01/2018 - 14:25:11 	Début du calcul
30/01/2018 - 14:25:11 	Nombre de positions : 1000
30/01/2018 - 14:25:11 	Simulation activée
30/01/2018 - 14:25:11 	Lecture des conditions initiales
30/01/2018 - 14:25:17 	Fin du calcul
30/01/2018 - 14:26:36 	Début du calcul
30/01/2018 - 14:26:36 	Nombre de positions : 1000
30/01/2018 - 14:26:36 	Simulation activée
30/01/2018 - 14:26:36 	Lecture des conditions initiales
30/01/2018 - 14:26:41 	Fin du calcul
30/01/2018 - 14:29:41 	Début du calcul
30/01/2018 - 14:29:41 	Nombre de positions : 1000
30/01/2018 - 14:29:41 	Simulation activée
30/01/2018 - 14:29:41 	Lecture des conditions initiales
30/01/2018 - 14:29:43 	Fin du calcul
30/01/2018 - 14:29:58 	Début du calcul
30/01/2018 - 14:29:58 	Nombre de positions : 1000
30/01/2018 - 14:29:58 	Simulation activée
30/01/2018 - 14:29:58 	Lecture des conditions initiales
30/01/2018 - 14:30:04 	Fin du calcul
30/01/2018 - 14:30:09 	Début du calcul
30/01/2018 - 14:30:09 	Nombre de positions : 1000
30/01/2018 - 14:30:09 	Simulation activée
30/01/2018 - 14:30:09 	Lecture des conditions initiales
30/01/2018 - 14:30:14 	Fin du calcul
30/01/2018 - 14:30:46 	Début du calcul
30/01/2018 - 14:30:46 	Nombre de positions : 1000
30/01/2018 - 14:30:46 	Simulation activée
30/01/2018 - 14:30:46 	Lecture des conditions initiales
30/01/2018 - 14:30:53 	Fin du calcul
30/01/2018 - 14:31:12 	Début du calcul
30/01/2018 - 14:31:12 	Nombre de positions : 1000
30/01/2018 - 14:31:12 	Simulation activée
30/01/2018 - 14:31:12 	Lecture des conditions initiales
30/01/2018 - 14:31:19 	Fin du calcul
30/01/2018 - 14:31:23 	Début du calcul
30/01/2018 - 14:31:23 	Nombre de positions : 1000
30/01/2018 - 14:31:23 	Simulation activée
30/01/2018 - 14:31:23 	Lecture des conditions initiales
30/01/2018 - 14:31:29 	Fin du calcul
30/01/2018 - 14:31:34 	Début du calcul
30/01/2018 - 14:31:34 	Nombre de positions : 1000
30/01/2018 - 14:31:34 	Simulation activée
30/01/2018 - 14:31:34 	Lecture des conditions initiales
30/01/2018 - 14:31:41 	Fin du calcul
30/01/2018 - 14:32:48 	Début du calcul
30/01/2018 - 14:32:48 	Nombre de positions : 1000
30/01/2018 - 14:32:48 	Simulation activée
30/01/2018 - 14:32:48 	Lecture des conditions initiales
30/01/2018 - 14:32:55 	Fin du calcul
30/01/2018 - 15:01:15 	Début du calcul
30/01/2018 - 15:01:15 	Nombre de positions : 1000
30/01/2018 - 15:01:15 	Simulation activée
30/01/2018 - 15:01:15 	Lecture des conditions initiales
30/01/2018 - 15:01:22 	Fin du calcul
30/01/2018 - 15:10:25 	Début du calcul
30/01/2018 - 15:10:25 	Nombre de positions : 1000
30/01/2018 - 15:10:25 	Simulation activée
30/01/2018 - 15:10:25 	Lecture des conditions initiales
30/01/2018 - 15:10:30 	Fin du calcul
30/01/2018 - 15:11:08 	Début du calcul
30/01/2018 - 15:11:08 	Nombre de positions : 1000
30/01/2018 - 15:11:08 	Simulation activée
30/01/2018 - 15:11:08 	Lecture des conditions initiales
30/01/2018 - 15:11:13 	Fin du calcul
30/01/2018 - 15:23:02 	===== Fermeture de session =====

===============Finish Logging================


===============Init Logging================

30/01/2018 - 15:23:15 	===== Ouverture de session =====
30/01/2018 - 15:31:07 	===== Fermeture de session =====

===============Finish Logging================


===============Init Logging================

30/01/2018 - 15:38:33 	===== Ouverture de session =====
30/01/2018 - 16:11:33 	===== Fermeture de session =====

===============Finish Logging================

